tyyoi_A
tzqfj_B
tclnr_A
tuauq_A
tmrlh_B
tefkq_B
tngsc_B
tdixl_B
tyyoi_A
tcsfv_B
teans_A
tzywq_B
tonqw_A
tulcn_A
tsuiz_A
twtxq_A
takqq_B
tcsfv_B
jckv_B
jhly_B
jdqi_A
jiew_A
jcnz_A
jbdc_B
jbsl_B
jhxq_A
tskgw_B
tfdsn_A
tmrzf_B
tilki_A
tqgiz_B
tywxq_A
tjvij_B
tefkm_A
tskgw_B
kesi_B
kewe_B
kexs_B
kfau_B
kfav_A
keuh_B
kevo_A
keqy_B
oitv_B
oitz_B
oiwd_B
ojbb_A
ojbz_A
ojfv_A
ojhc_B
pfqw_B
pfta_B
pfuc_B
pgfx_B
kdnn_B
oagp_A
obde_A
ocpk_B
odih_B
odkq_B
odzw_B
oeiv_B
oekj_B
oexg_A
ogfo_B
ogjf_B
ogwe_A
jaxe_B
jfhs_B
jgwy_A
jcgw_A
jasl_A
jiiw_A
jiir_A
jgbu_A
tukqf_A
tcwha_B
tmvrf_B
tmydx_B
thqkp_B
tlqkd_A
tmmzi_B
tfqzj_B
tukqf_A
tngsy_A
twedl_A
tsxao_A
ttxrz_B
tsotk_B
tzwoi_B
tbhli_A
tgukh_B
tngsy_A
jfdz_B
jhyh_A
jhce_B
jgxe_A
jfuh_B
jesx_A
javp_B
jecz_B
nouu_B
kawm_A
kcpx_B
obha_A
obxc_A
ocue_A
ofbz_B
ofww_A
ogfn_A
ogup_B
ohdh_B
ohji_B
ohkf_B
oida_A
oiir_A
toxsb_B
thssu_B
tgjiv_B
tfryx_A
tvorc_B
trizv_A
trnnz_A
toxsp_A
toxsb_B
thpxu_B
tohme_A
tzmex_A
tlqsc_B
tcgdp_A
txlgj_A
ttmuc_A
tnpgg_B
tbksj_B
tywpt_A
tohme_A
tohme_A
txyfl_A
tdbmr_A
tdbmw_A
trwtk_A
tbuav_B
tbggp_A
tnihi_A
tfnyf_B
txyfl_A
kdcn_A
kcgs_A
kdvh_A
kabg_A
kdot_A
kdxf_A
kcop_B
kdly_A
ocsz_A
odus_A
oewn_A
ofro_A
ogvo_A
ohdh_A
ohrl_B
kaiu_B
oaic_A
oaze_B
odve_A
oegb_A
oekx_A
oetv_B
ofmt_A
ofws_A
ogsk_B
ohex_B
kdpc_B
kecj_A
kdon_B
kcxo_A
kcbu_A
kdet_B
kbur_A
kcne_A
oceb_B
ocvg_B
odfv_A
odpv_A
oebq_B
ohnt_A
oipj_B
thdml_B
tteti_B
taydz_B
tnzyn_A
tajjh_B
tjujp_B
tbbut_A
tkuio_B
thdml_B
tsvwc_B
tneye_B
tdarn_A
tvean_B
tiamg_A
tfqbz_A
takdd_A
tslis_A
tsvwc_B
turyo_A
jeqe_B
jdmw_A
jdgh_A
jdnq_B
jbha_B
jbyh_B
jelu_A
jehw_B
naqw_A
nofb_B
jadp_B
jics_B
jfhi_B
jfkw_A
jdrc_B
jcoh_B
jesc_B
jbtt_A
nblt_B
ndcs_A
nfpy_A
nhlo_A
nkhx_B
nloi_B
oiww_B
tezre_B
kakg_A
keqj_B
kcyw_A
kdxo_B
kcrh_B
kbww_A
kbli_A
kdxn_B
oakt_B
oeek_A
oeyt_B
ofeu_B
ofof_B
ogyt_A
ohja_B
oiht_A
tbjem_B
tfmbi_A
tapln_B
tiphk_B
tawzu_A
tmdmt_A
tyucr_A
tgvsw_B
tbjem_B
tmamg_B
kdtd_B
kebh_A
kbmi_B
kbbn_B
kbww_B
kctp_A
kclr_B
kbyv_A
ocym_A
oela_A
ofoi_A
ofwe_A
jewr_B
jcmd_A
jiqb_A
jers_A
jdwm_B
jhor_B
jgzp_B
jboy_A
nasf_B
neln_B
nhob_A
nkfk_A
nnco_A
kcnz_B
kdvx_A
kdde_B
kaqa_A
kdtc_B
kabb_A
kdnq_B
keay_A
oaha_B
obgz_B
ofmk_B
ofpb_A
ofxx_A
tahak_B
tfbnb_A
trdnr_A
tpyrg_A
tnvrw_B
tdtmb_A
texgi_B
tyisy_B
tahak_B
tyhty_B
tpext_B
txuzk_B
tepvy_A
txuzo_B
tisul_B
tisuj_B
txier_B
tyhty_B
tthwi_B
ttbic_A
txubr_B
tawzr_B
txhiw_A
tbext_A
tbllg_A
tyuce_A
tcowz_B
ttbic_A
tqgiz_A
toiib_B
tyyoi_B
tfrfd_A
tlgrz_A
tqzfm_A
txcxa_B
tuauz_B
tqgiz_A
toiib_B
tuxgg_B
tldfz_A
tuxgw_B
teytl_B
txlgw_B
tvzem_A
tdrhq_B
tvzex_B
tidok_A
tuxgg_B
tzqvr_A
tvrjn_B
trxbl_A
tdlpz_B
tsyhv_B
tdyic_A
trqjx_B
tajbl_B
tzqvr_A
tabqw_B
thbrj_A
tfnqp_B
tocbi_B
tvteh_B
tpwyj_A
tbdzn_A
tipzz_A
tabqw_B
tunih_A
kera_B
oisn_B
oizk_A
ojgr_A
ojgv_A
ojif_B
ojki_A
pfmb_B
pfxc_B
pfxl_A
pfzj_A
pgdw_B
kerk_A
oiqs_A
oirt_A
oium_A
oizm_B
pflp_A
pfoz_A
pfrv_B
pfth_B
pgch_B
pgma_B
ttigd_A
tmfip_A
tnxhn_B
tmtnu_A
tuxgw_A
tmtsu_B
tygqj_A
tcyxf_A
ttigd_A
katt_A
kbqr_A
kdfr_A
kbrx_A
kbrs_B
kclu_B
keiv_A
kbdq_A
kbem_A
obxr_A
odpx_A
ofwd_A
ohcr_A
tywct_A
tegnk_A
tegny_B
tuyww_A
ttwpq_A
tmrac_A
tseta_A
tmuji_B
tywct_A
kewc_A
kexe_A
kfaj_A
kewk_A
kewa_A
kezd_A
kett_A
kezg_A
oixb_B
ojle_B
pfdn_B
pfst_A
pfyb_B
pgda_B
jehx_B
jhdg_B
jciw_B
jgvo_A
jiis_B
jhla_A
jfgy_B
jbpf_B
nbxj_B
ncic_A
ndbt_B
nije_B
nitx_B
njiw_B
njrl_B
njsa_B
nkrw_B
nktz_B
nlrt_B
nmnp_B
nmsb_A
none_B
tcobf_A
tprkc_A
tyvky_B
tgeri_A
tjtxf_A
tncso_A
tbuqc_A
trfcu_A
tcobf_A
tgyot_B
kduy_A
kbmf_A
kaeo_A
kdmf_A
kdhq_B
kbql_A
kdmg_B
kbgl_B
obao_B
ocak_A
ocsz_B
ocus_A
ocvi_A
odbc_B
odxh_B
oefk_A
ogzh_B
jbjz_B
jgzz_B
jctx_B
jexi_B
jile_B
jgta_A
jekp_B
jbut_B
nazj_A
nfar_A
nfvh_A
nfwa_B
njcf_B
njkd_A
njxk_A
nojt_B
nomu_B
pgio_A
jczc_A
jimt_A
jekw_A
jaxq_B
jcgi_B
jcva_A
jgbx_A
jiee_A
naca_A
nbee_B
nblx_B
ngjg_B
nkuo_B
nlpp_A
kehu_B
kbfb_A
kcey_A
kdnk_A
kbpb_A
kdtu_A
kaxs_A
kcnm_A
oaxk_A
obbu_A
odmx_A
ofyg_A
ogye_A
teobp_A
tmxcq_B
tulkp_A
tendu_A
thajv_B
txzco_B
tmxcf_B
tfuwa_B
teobp_A
tdbmx_B
tynxg_B
tvcft_A
tdbmr_B
teszs_B
txyfg_B
tkphw_A
tmdud_A
tdbmx_B
kamm_A
kcme_A
kdbw_A
kdli_B
kbxr_A
kdpb_B
kcbt_A
kdch_A
oage_A
oanu_A
oben_A
ocky_B
ocrb_A
ocul_A
odmg_B
oepr_B
ofjz_A
ohys_B
oalz_B
octy_A
odjr_B
odub_A
oeiv_A
ogia_A
ohlt_A
oini_B
tkssc_A
tqqgz_A
tggig_A
tygfb_A
twwns_B
tntrw_A
tkerw_B
tkerc_A
tkssc_A
tolxh_A
tnzvj_B
tlffr_B
thsqr_B
twucu_A
ttqco_B
tycvx_B
tyitx_A
tolxh_A
kamk_A
kedq_A
kaqs_B
kcko_B
kaza_B
kawd_A
keiy_A
kcso_A
oabu_B
oaca_A
ocvb_A
oeaa_A
oejw_B
oeln_A
oelu_A
ofam_B
tkrym_B
twlkh_A
tkosd_A
tiknf_A
thgud_B
turae_A
tpwjq_A
thjep_A
tkrym_B
tiusb_A
oeoj_A
tutpu_A
trryf_A
tftpw_A
tbuyz_B
tnnjq_B
twklw_A
tthgy_A
tmbyx_A
tutpu_A
kdfk_A
kbnh_A
kbeu_A
kbsn_A
keha_A
kejd_A
kctn_A
kbtb_B
kaqm_B
oaoc_B
obah_A
oeog_A
ognd_A
ketm_B
oisy_B
oitb_B
oivn_B
ojjw_A
ojkr_B
ojky_A
pfds_A
pflu_B
pgbq_B
kevn_A
ojbi_B
ojey_B
pfoe_A
pfvt_B
pgae_B
pgcl_B
pgja_A
kckb_B
kcgv_B
kcat_A
keop_A
keca_A
kart_B
kdgv_A
kejt_A
objl_B
obul_A
ocgc_B
oefk_B
ogyw_B
ohzk_A
teqzn_B
tclnr_B
tzwtu_B
tveto_B
trgbn_A
turrs_A
twsmu_A
tygff_A
teqzn_B
keyq_A
oiqr_A
oiys_B
ojjf_B
pfdy_B
pfty_B
pgav_B
pggt_B
tnrda_B
tlgiz_B
tiwml_B
trvyl_B
tjcvz_B
tkmmx_A
tafxv_A
ticnv_B
tnrda_B
tsqhz_B
tpiyb_B
tkmml_B
txsyx_A
tbyzk_B
tbdoc_B
tlgix_A
tdgye_A
tsqhz_B
kewo_B
oiri_A
oisd_B
oivv_B
oiwa_A
oixl_B
oixu_A
oiyl_B
oiym_B
oizy_A
ojbf_A
ojgp_B
pfuz_B
pfye_B
pfzv_B
pgam_B
pgmj_B
tyemq_A
tkrff_A
tkgfu_A
tkods_A
txbqc_A
tluql_B
tdaei_B
twdgp_B
tyemq_A
kbnx_A
kaak_A
oabu_A
obah_B
oetx_A
ogxx_B
ogzs_A
oidn_A
oijb_A
oikr_A
oimj_A
tewgr_A
tbqzf_A
tkxrs_B
tlufu_A
tpjdj_B
tlufm_B
ttlqh_A
tihdq_A
tewgr_A
tezao_A
tjhbw_A
ttpfw_A
tfwss_A
tjcsd_A
tycid_A
tkwfq_A
teksu_A
tiupr_A
tjhbw_A
twprc_B
tnqgv_B
tvcft_B
trryf_B
tpgpn_B
tdbmc_B
twdge_B
tniht_B
tccqs_A
tnqgv_B
kbte_B
oaza_A
obeq_A
ocfi_B
ocus_B
odcg_B
oejr_B
oeso_B
ognq_A
ohyx_A
tgsuz_B
tppxn_A
tufya_A
tiqdi_B
taegu_B
tjpxo_A
tybue_B
tkeoe_B
tgsuz_B
tkeoe_B
tnzaj_A
tbtnm_A
tttkj_A
ttsyj_A
tydwi_A
tqdrl_B
totkp_B
tdwfo_A
tnzaj_A
jehm_A
jcmg_A
jevd_A
jeyi_A
jfft_B
jbxn_A
jbtu_B
jesd_A
niab_A
kbmp_B
kbcd_B
kbcz_B
kbnt_A
kdxk_A
kdui_A
kbpm_A
katg_B
kanv_B
obzh_B
ocmr_A
odzk_B
oebe_B
ogca_A
ogjs_B
ogzo_B
ttfzq_A
tnyqw_B
tdoxu_A
tnyql_B
txwot_B
ttghy_B
tnfcj_A
thesn_B
ttfzq_A
tnyqv_B
jcvh_A
jejk_B
jgdn_A
jgmj_B
jcui_B
jfbz_A
jcut_B
nfav_B
tmupm_B
tduqd_A
tjdob_B
teyhz_B
tsdhm_A
tviyi_A
targz_A
teugb_A
tmupm_B
tjdob_B
tkryv_A
tyufe_A
tioie_B
tcwgh_A
tjjyw_B
tldyu_B
ttldc_B
tccde_B
tkryv_A
tvqpm_B
kbek_A
kdfd_A
kcay_A
kell_B
keby_A
kdow_B
kcuc_A
kaze_A
obdq_A
obip_A
obvc_A
odou_A
oeya_B
ogkp_B
ogkt_B
trtex_A
tobuo_B
tgsub_A
tvtyq_B
teugb_B
tdgkp_A
tnoaz_B
tulcx_B
trtex_A
teral_A
tfgso_B
tdyte_B
tjsje_B
tnfke_A
tsqhz_A
tnrdp_B
trxtg_B
teral_A
jiuf_B
jddx_B
jbeq_B
jccq_B
jdos_B
jbnw_A
jgul_B
jidg_A
nbre_A
neha_B
nevp_B
nfpv_B
nfpx_B
nfsu_A
njhz_A
nmft_B
nnir_A
nnkz_A
nnyg_A
nokf_A
tdsks_A
tihnb_A
tbtum_A
tbbbo_B
tduqd_B
tobuo_A
tdaei_A
tynxv_B
tdsks_A
tobuo_A
kbfr_A
kdja_B
kafs_A
kccc_A
kccn_A
kdig_B
kelf_B
kdci_B
oduj_A
odva_B
ogex_A
ogol_B
ogyu_A
ohhw_B
tyqie_A
tcpuy_B
txfaw_A
tsgtt_A
traaq_B
thkqe_A
tzvws_A
thbqk_B
tyqie_A
jgkt_B
jcyk_B
jggp_B
jewl_A
jemg_B
jcma_A
jfmk_B
jgmm_A
tylyg_A
tigtx_B
tnasd_B
tovum_B
tokgb_A
tomyu_B
ttblj_B
txoxm_B
tylyg_A
kemc_B
karc_B
kamj_B
kbau_A
kard_B
kdfd_B
kbbx_A
kayj_A
keal_B
obcb_B
odnm_B
odoo_A
odvl_B
oepk_B
oetq_A
ofat_B
ohgr_A
jbhp_A
jdux_A
jfdp_A
jfff_B
jbwb_B
jguu_B
jaip_A
jfru_A
naac_A
nfzj_A
tiphw_B
tcyrj_A
tsavl_B
tanzd_B
tfrfh_A
tskhk_A
tlqkf_B
tpheu_A
tiphw_B
thdfp_B
tooec_A
tlfxr_B
tzyxb_A
tviai_B
thfyg_B
tjbns_B
tmqgy_B
thdfp_B
oaaz_B
ogae_A
kbqb_A
kayv_A
keqa_A
kavp_A
kccm_B
kdwl_B
kblw_A
kdab_A
oadq_A
ocoq_B
odrd_B
oiay_A
kalw_B
kcru_A
kalr_B
kcor_A
kcnr_A
kcsp_B
kbat_A
keer_A
oaii_A
oawe_A
oaxw_A
odmi_A
ofcj_B
ohah_A
oigd_A
thkrl_B
tgbfz_B
teomo_B
thkrd_B
tbppv_B
tpfih_B
tcrno_B
tssph_B
thkrl_B
ocfi_A
ofpe_A
txloc_B
tlrko_B
tduac_B
tytuj_B
twvqw_B
tndno_B
tlskr_B
tlvjp_A
txloc_B
tqgix_B
tfdsy_B
tvoxz_A
txcxp_A
tuauz_A
thbgs_A
txwge_B
tvyvl_A
tqgix_B
tbizs_B
tlqkj_A
tkmmq_B
txjhw_A
tgejh_A
tuvwf_A
tions_A
tqhol_A
tbizs_B
kddx_A
kclw_A
kbxh_A
kcsq_B
kdcp_A
katd_A
kcud_B
kehc_B
kbya_B
obbz_A
ockt_B
odnv_B
oeja_B
ofim_A
ofph_A
jget_A
jhbo_A
jbur_B
jbub_B
jhyt_B
jbba_A
jbax_B
jftm_B
ndzh_B
nhhk_B
nimb_B
nmil_B
jept_B
jiiv_A
jfhq_B
jhkk_B
jiur_B
jedd_B
jcym_B
jedn_A
kayl_B
kawt_B
oabn_A
oadk_B
obnk_B
obsa_A
obyi_A
oewm_A
ofbu_B
ogjf_A
ohfi_B
ohsq_A
oikq_A
jhss_B
jhon_A
jcys_A
jhhq_B
jimw_A
jhwu_B
jcgt_A
jgpi_B
tmcma_B
tzivy_A
txvhq_A
toztb_A
tyjfs_A
teenp_B
tozty_B
tifda_A
tmcma_B
kenn_A
kehm_B
kchk_A
kcep_B
kagb_A
kcuh_A
kctd_A
kbez_A
ogil_A
ogmr_B
ognh_B
ohko_B
ohsv_A
oiix_A
kdyc_A
kbtq_A
kdsw_A
keeq_A
kcob_A
kaae_A
kayd_B
kcgh_B
oblw_A
ocae_B
ocgy_A
ochj_B
ocjl_A
oegy_B
ohbh_B
ohed_A
ohly_B
oial_A
teszw_A
tdbmx_A
tneif_B
tulxw_B
tqvbj_A
tqpox_A
tebdp_B
tpbzi_A
teszw_A
tneif_B
jhgw_A
jbzx_B
jcuu_A
jdjz_A
jcqb_B
jgmc_A
jiso_A
nbwg_A
pfyp_A
twoef_B
tsqiv_A
twdth_A
tvbsr_A
tnfcg_B
tjqgc_A
tfrys_A
twhsr_B
twoef_B
tanai_B
thdzx_B
tlgdn_A
tdazy_B
tjufx_B
toxkb_B
tzxpc_A
tfyxs_A
tanai_B
jepm_A
jamd_A
jfri_A
jcki_B
jfwz_B
jcer_B
jbvp_B
nflj_B
nkkz_B
nlni_B
nnfw_A
nnrx_B
kezm_A
oirs_B
oirz_A
ojfz_B
pfni_B
pfwa_A
pfzu_B
pgfr_B
pgjd_A
jcgj_A
jddj_A
jfoi_B
jeej_B
jdqe_B
jhky_B
jclt_B
jczt_B
nara_A
nasa_A
nkgw_B
nkmb_A
tnllg_A
tawmi_A
tirtp_B
tdcwx_A
tijcz_A
tvwih_A
towkx_B
tjuru_A
tnllg_A
tmoas_A
kczv_B
ocvf_B
oduf_A
oext_A
ofhl_A
ogpq_A
ogtr_B
ogyc_B
ohae_B
twtlv_B
thjmy_B
thdzh_A
tveib_B
tozfz_A
thjvo_A
tcxcq_B
tbikt_A
twtlv_B
tinlf_A
tvvuw_B
tnjzp_A
tgemq_A
tjujn_A
tirfp_B
tjrta_B
tjcsq_A
tinlf_A
kcgd_A
kali_A
kcxg_A
kctw_B
kebx_B
kdip_A
kclv_A
kbsj_A
oacm_A
obgn_A
obxu_A
ocdy_B
odve_B
ogcf_A
ogdb_A
ohbx_B
tydwl_B
tduug_B
twsml_B
ttsyd_A
tdqvj_A
tonyt_B
tznub_A
tkktc_B
twpjw_B
tydwl_B
tlafg_A
tdxru_A
tcmgr_A
tgsba_B
trhog_A
tsfdo_B
tjekc_B
takju_A
tlafg_A
kdnv_A
oaxz_A
ocfl_A
jcsa_A
jebl_B
jguy_A
jajn_A
jbpr_B
jels_A
jclz_A
jazv_A
jeuy_B
jchg_B
jfxk_B
jgdv_B
jdzf_B
jdqx_A
jfud_B
jcho_A
tviat_A
kaga_A
kene_B
kbrd_A
kepi_B
kdxv_B
kblp_A
kdvw_B
kega_A
